{"D:\\Git repositories\\ticket-to-ride\\backend\\app.js": {"path":"D:\\Git repositories\\ticket-to-ride\\backend\\app.js","statementMap":{"0":{"start":{"line":10,"column":0},"end":{"line":12,"column":3}},"1":{"start":{"line":11,"column":2},"end":{"line":11,"column":38}},"2":{"start":{"line":16,"column":19},"end":{"line":16,"column":28}},"3":{"start":{"line":17,"column":0},"end":{"line":17,"column":24}},"4":{"start":{"line":18,"column":0},"end":{"line":20,"column":4}},"5":{"start":{"line":27,"column":18},"end":{"line":29,"column":1}},"6":{"start":{"line":31,"column":0},"end":{"line":31,"column":27}},"7":{"start":{"line":32,"column":0},"end":{"line":32,"column":18}},"8":{"start":{"line":33,"column":0},"end":{"line":33,"column":24}},"9":{"start":{"line":36,"column":22},"end":{"line":46,"column":1}},"10":{"start":{"line":47,"column":14},"end":{"line":47,"column":42}},"11":{"start":{"line":51,"column":0},"end":{"line":51,"column":17}},"12":{"start":{"line":59,"column":0},"end":{"line":59,"column":16}},"13":{"start":{"line":60,"column":0},"end":{"line":60,"column":18}},"14":{"start":{"line":61,"column":0},"end":{"line":61,"column":19}},"15":{"start":{"line":62,"column":0},"end":{"line":62,"column":18}},"16":{"start":{"line":65,"column":0},"end":{"line":65,"column":62}}},"fnMap":{"0":{"name":"(anonymous_0)","decl":{"start":{"line":10,"column":40},"end":{"line":10,"column":41}},"loc":{"start":{"line":10,"column":46},"end":{"line":12,"column":1}},"line":10}},"branchMap":{},"s":{"0":3,"1":3,"2":3,"3":3,"4":3,"5":3,"6":3,"7":3,"8":3,"9":3,"10":3,"11":3,"12":3,"13":3,"14":3,"15":3,"16":3},"f":{"0":3},"b":{},"_coverageSchema":"1a1c01bbd47fc00a2c39e90264f33305004495a9","hash":"766c7f3ad4c986340c3b13435fe520a59e154251"}
,"D:\\Git repositories\\ticket-to-ride\\backend\\config\\sequilize.js": {"path":"D:\\Git repositories\\ticket-to-ride\\backend\\config\\sequilize.js","statementMap":{"0":{"start":{"line":2,"column":0},"end":{"line":2,"column":16}},"1":{"start":{"line":6,"column":16},"end":{"line":30,"column":1}},"2":{"start":{"line":7,"column":2},"end":{"line":29,"column":3}},"3":{"start":{"line":9,"column":6},"end":{"line":17,"column":8}},"4":{"start":{"line":20,"column":6},"end":{"line":28,"column":8}},"5":{"start":{"line":32,"column":22},"end":{"line":32,"column":53}}},"fnMap":{"0":{"name":"(anonymous_0)","decl":{"start":{"line":6,"column":16},"end":{"line":6,"column":17}},"loc":{"start":{"line":6,"column":23},"end":{"line":30,"column":1}},"line":6}},"branchMap":{"0":{"loc":{"start":{"line":7,"column":2},"end":{"line":29,"column":3}},"type":"switch","locations":[{"start":{"line":8,"column":4},"end":{"line":8,"column":16}},{"start":{"line":8,"column":17},"end":{"line":17,"column":8}},{"start":{"line":19,"column":4},"end":{"line":28,"column":8}}],"line":7}},"s":{"0":3,"1":3,"2":3,"3":3,"4":0,"5":3},"f":{"0":3},"b":{"0":[0,3,0]},"_coverageSchema":"1a1c01bbd47fc00a2c39e90264f33305004495a9","hash":"1bfe41be0545a0a63f96a9ba1942c5a5dc651dd0"}
,"D:\\Git repositories\\ticket-to-ride\\backend\\controllers\\astronaut.controller.js": {"path":"D:\\Git repositories\\ticket-to-ride\\backend\\controllers\\astronaut.controller.js","statementMap":{"0":{"start":{"line":4,"column":19},"end":{"line":4,"column":21}},"1":{"start":{"line":5,"column":14},"end":{"line":5,"column":24}},"2":{"start":{"line":7,"column":0},"end":{"line":38,"column":2}},"3":{"start":{"line":8,"column":19},"end":{"line":8,"column":42}},"4":{"start":{"line":11,"column":12},"end":{"line":11,"column":17}},"5":{"start":{"line":12,"column":3},"end":{"line":17,"column":6}},"6":{"start":{"line":13,"column":5},"end":{"line":16,"column":6}},"7":{"start":{"line":14,"column":7},"end":{"line":14,"column":58}},"8":{"start":{"line":15,"column":7},"end":{"line":15,"column":19}},"9":{"start":{"line":18,"column":3},"end":{"line":18,"column":20}},"10":{"start":{"line":18,"column":13},"end":{"line":18,"column":20}},"11":{"start":{"line":21,"column":18},"end":{"line":25,"column":3}},"12":{"start":{"line":28,"column":2},"end":{"line":37,"column":7}},"13":{"start":{"line":31,"column":6},"end":{"line":31,"column":21}},"14":{"start":{"line":34,"column":6},"end":{"line":36,"column":8}},"15":{"start":{"line":40,"column":0},"end":{"line":57,"column":2}},"16":{"start":{"line":41,"column":2},"end":{"line":56,"column":7}},"17":{"start":{"line":48,"column":6},"end":{"line":48,"column":21}},"18":{"start":{"line":51,"column":6},"end":{"line":54,"column":8}},"19":{"start":{"line":55,"column":6},"end":{"line":55,"column":25}},"20":{"start":{"line":59,"column":0},"end":{"line":90,"column":2}},"21":{"start":{"line":60,"column":13},"end":{"line":60,"column":26}},"22":{"start":{"line":61,"column":18},"end":{"line":61,"column":29}},"23":{"start":{"line":62,"column":19},"end":{"line":62,"column":42}},"24":{"start":{"line":65,"column":2},"end":{"line":68,"column":3}},"25":{"start":{"line":66,"column":4},"end":{"line":66,"column":48}},"26":{"start":{"line":67,"column":4},"end":{"line":67,"column":11}},"27":{"start":{"line":71,"column":2},"end":{"line":74,"column":3}},"28":{"start":{"line":72,"column":4},"end":{"line":72,"column":57}},"29":{"start":{"line":73,"column":4},"end":{"line":73,"column":11}},"30":{"start":{"line":75,"column":2},"end":{"line":89,"column":7}},"31":{"start":{"line":80,"column":6},"end":{"line":84,"column":10}},"32":{"start":{"line":80,"column":20},"end":{"line":80,"column":79}},"33":{"start":{"line":82,"column":8},"end":{"line":84,"column":10}},"34":{"start":{"line":87,"column":6},"end":{"line":87,"column":69}},"35":{"start":{"line":88,"column":6},"end":{"line":88,"column":23}},"36":{"start":{"line":92,"column":0},"end":{"line":112,"column":2}},"37":{"start":{"line":93,"column":13},"end":{"line":93,"column":26}},"38":{"start":{"line":94,"column":18},"end":{"line":94,"column":29}},"39":{"start":{"line":95,"column":19},"end":{"line":95,"column":42}},"40":{"start":{"line":97,"column":2},"end":{"line":111,"column":7}},"41":{"start":{"line":102,"column":6},"end":{"line":106,"column":10}},"42":{"start":{"line":102,"column":20},"end":{"line":102,"column":79}},"43":{"start":{"line":104,"column":8},"end":{"line":106,"column":10}},"44":{"start":{"line":109,"column":6},"end":{"line":109,"column":69}},"45":{"start":{"line":110,"column":6},"end":{"line":110,"column":23}}},"fnMap":{"0":{"name":"(anonymous_0)","decl":{"start":{"line":7,"column":20},"end":{"line":7,"column":21}},"loc":{"start":{"line":7,"column":34},"end":{"line":38,"column":1}},"line":7},"1":{"name":"(anonymous_1)","decl":{"start":{"line":12,"column":40},"end":{"line":12,"column":41}},"loc":{"start":{"line":12,"column":53},"end":{"line":17,"column":4}},"line":12},"2":{"name":"(anonymous_2)","decl":{"start":{"line":30,"column":10},"end":{"line":30,"column":11}},"loc":{"start":{"line":30,"column":20},"end":{"line":32,"column":5}},"line":30},"3":{"name":"(anonymous_3)","decl":{"start":{"line":33,"column":11},"end":{"line":33,"column":12}},"loc":{"start":{"line":33,"column":20},"end":{"line":37,"column":5}},"line":33},"4":{"name":"(anonymous_4)","decl":{"start":{"line":40,"column":21},"end":{"line":40,"column":22}},"loc":{"start":{"line":40,"column":35},"end":{"line":57,"column":1}},"line":40},"5":{"name":"(anonymous_5)","decl":{"start":{"line":47,"column":10},"end":{"line":47,"column":11}},"loc":{"start":{"line":47,"column":20},"end":{"line":49,"column":5}},"line":47},"6":{"name":"(anonymous_6)","decl":{"start":{"line":50,"column":11},"end":{"line":50,"column":12}},"loc":{"start":{"line":50,"column":20},"end":{"line":56,"column":5}},"line":50},"7":{"name":"(anonymous_7)","decl":{"start":{"line":59,"column":20},"end":{"line":59,"column":21}},"loc":{"start":{"line":59,"column":34},"end":{"line":90,"column":1}},"line":59},"8":{"name":"(anonymous_8)","decl":{"start":{"line":79,"column":10},"end":{"line":79,"column":11}},"loc":{"start":{"line":79,"column":19},"end":{"line":85,"column":5}},"line":79},"9":{"name":"(anonymous_9)","decl":{"start":{"line":86,"column":11},"end":{"line":86,"column":12}},"loc":{"start":{"line":86,"column":20},"end":{"line":89,"column":5}},"line":86},"10":{"name":"(anonymous_10)","decl":{"start":{"line":92,"column":20},"end":{"line":92,"column":21}},"loc":{"start":{"line":92,"column":34},"end":{"line":112,"column":1}},"line":92},"11":{"name":"(anonymous_11)","decl":{"start":{"line":101,"column":10},"end":{"line":101,"column":11}},"loc":{"start":{"line":101,"column":19},"end":{"line":107,"column":5}},"line":101},"12":{"name":"(anonymous_12)","decl":{"start":{"line":108,"column":11},"end":{"line":108,"column":12}},"loc":{"start":{"line":108,"column":20},"end":{"line":111,"column":5}},"line":108}},"branchMap":{"0":{"loc":{"start":{"line":13,"column":5},"end":{"line":16,"column":6}},"type":"if","locations":[{"start":{"line":13,"column":5},"end":{"line":16,"column":6}},{"start":{"line":13,"column":5},"end":{"line":16,"column":6}}],"line":13},"1":{"loc":{"start":{"line":18,"column":3},"end":{"line":18,"column":20}},"type":"if","locations":[{"start":{"line":18,"column":3},"end":{"line":18,"column":20}},{"start":{"line":18,"column":3},"end":{"line":18,"column":20}}],"line":18},"2":{"loc":{"start":{"line":35,"column":8},"end":{"line":35,"column":72}},"type":"binary-expr","locations":[{"start":{"line":35,"column":8},"end":{"line":35,"column":19}},{"start":{"line":35,"column":23},"end":{"line":35,"column":72}}],"line":35},"3":{"loc":{"start":{"line":65,"column":2},"end":{"line":68,"column":3}},"type":"if","locations":[{"start":{"line":65,"column":2},"end":{"line":68,"column":3}},{"start":{"line":65,"column":2},"end":{"line":68,"column":3}}],"line":65},"4":{"loc":{"start":{"line":65,"column":6},"end":{"line":65,"column":34}},"type":"binary-expr","locations":[{"start":{"line":65,"column":6},"end":{"line":65,"column":15}},{"start":{"line":65,"column":19},"end":{"line":65,"column":34}}],"line":65},"5":{"loc":{"start":{"line":71,"column":2},"end":{"line":74,"column":3}},"type":"if","locations":[{"start":{"line":71,"column":2},"end":{"line":74,"column":3}},{"start":{"line":71,"column":2},"end":{"line":74,"column":3}}],"line":71},"6":{"loc":{"start":{"line":80,"column":6},"end":{"line":84,"column":10}},"type":"if","locations":[{"start":{"line":80,"column":6},"end":{"line":84,"column":10}},{"start":{"line":80,"column":6},"end":{"line":84,"column":10}}],"line":80},"7":{"loc":{"start":{"line":102,"column":6},"end":{"line":106,"column":10}},"type":"if","locations":[{"start":{"line":102,"column":6},"end":{"line":106,"column":10}},{"start":{"line":102,"column":6},"end":{"line":106,"column":10}}],"line":102}},"s":{"0":3,"1":3,"2":3,"3":2,"4":2,"5":2,"6":4,"7":1,"8":1,"9":1,"10":0,"11":1,"12":1,"13":1,"14":0,"15":3,"16":1,"17":1,"18":0,"19":0,"20":3,"21":1,"22":1,"23":1,"24":1,"25":0,"26":0,"27":1,"28":0,"29":0,"30":1,"31":1,"32":1,"33":0,"34":0,"35":0,"36":3,"37":1,"38":1,"39":1,"40":1,"41":1,"42":1,"43":0,"44":0,"45":0},"f":{"0":2,"1":4,"2":1,"3":0,"4":1,"5":1,"6":0,"7":1,"8":1,"9":0,"10":1,"11":1,"12":0},"b":{"0":[1,3],"1":[0,1],"2":[0,0],"3":[0,1],"4":[1,1],"5":[0,1],"6":[1,0],"7":[1,0]},"_coverageSchema":"1a1c01bbd47fc00a2c39e90264f33305004495a9","hash":"a2e4b9c9697dfd72501a7f8bd356e10c3e6b7c09"}
,"D:\\Git repositories\\ticket-to-ride\\backend\\controllers\\tickets.controller.js": {"path":"D:\\Git repositories\\ticket-to-ride\\backend\\controllers\\tickets.controller.js","statementMap":{"0":{"start":{"line":4,"column":19},"end":{"line":4,"column":21}},"1":{"start":{"line":5,"column":14},"end":{"line":5,"column":23}},"2":{"start":{"line":7,"column":0},"end":{"line":39,"column":2}},"3":{"start":{"line":8,"column":19},"end":{"line":8,"column":42}},"4":{"start":{"line":11,"column":11},"end":{"line":11,"column":16}},"5":{"start":{"line":12,"column":2},"end":{"line":17,"column":5}},"6":{"start":{"line":13,"column":4},"end":{"line":16,"column":5}},"7":{"start":{"line":14,"column":6},"end":{"line":14,"column":57}},"8":{"start":{"line":15,"column":6},"end":{"line":15,"column":18}},"9":{"start":{"line":18,"column":2},"end":{"line":18,"column":19}},"10":{"start":{"line":18,"column":12},"end":{"line":18,"column":19}},"11":{"start":{"line":21,"column":17},"end":{"line":26,"column":3}},"12":{"start":{"line":29,"column":2},"end":{"line":38,"column":7}},"13":{"start":{"line":32,"column":6},"end":{"line":32,"column":21}},"14":{"start":{"line":35,"column":6},"end":{"line":37,"column":8}},"15":{"start":{"line":41,"column":0},"end":{"line":53,"column":2}},"16":{"start":{"line":42,"column":2},"end":{"line":52,"column":7}},"17":{"start":{"line":45,"column":6},"end":{"line":45,"column":21}},"18":{"start":{"line":48,"column":6},"end":{"line":50,"column":8}},"19":{"start":{"line":51,"column":6},"end":{"line":51,"column":25}},"20":{"start":{"line":55,"column":0},"end":{"line":69,"column":2}},"21":{"start":{"line":56,"column":13},"end":{"line":56,"column":26}},"22":{"start":{"line":58,"column":2},"end":{"line":68,"column":7}},"23":{"start":{"line":61,"column":6},"end":{"line":61,"column":21}},"24":{"start":{"line":64,"column":6},"end":{"line":66,"column":9}},"25":{"start":{"line":67,"column":6},"end":{"line":67,"column":25}},"26":{"start":{"line":71,"column":0},"end":{"line":102,"column":2}},"27":{"start":{"line":72,"column":19},"end":{"line":72,"column":32}},"28":{"start":{"line":73,"column":18},"end":{"line":73,"column":29}},"29":{"start":{"line":74,"column":19},"end":{"line":74,"column":42}},"30":{"start":{"line":77,"column":2},"end":{"line":80,"column":3}},"31":{"start":{"line":78,"column":4},"end":{"line":78,"column":63}},"32":{"start":{"line":79,"column":4},"end":{"line":79,"column":11}},"33":{"start":{"line":82,"column":2},"end":{"line":85,"column":3}},"34":{"start":{"line":83,"column":4},"end":{"line":83,"column":57}},"35":{"start":{"line":84,"column":4},"end":{"line":84,"column":11}},"36":{"start":{"line":87,"column":2},"end":{"line":101,"column":7}},"37":{"start":{"line":92,"column":6},"end":{"line":96,"column":10}},"38":{"start":{"line":92,"column":20},"end":{"line":92,"column":78}},"39":{"start":{"line":94,"column":8},"end":{"line":96,"column":10}},"40":{"start":{"line":99,"column":6},"end":{"line":99,"column":74}},"41":{"start":{"line":100,"column":6},"end":{"line":100,"column":23}},"42":{"start":{"line":104,"column":0},"end":{"line":124,"column":2}},"43":{"start":{"line":105,"column":19},"end":{"line":105,"column":32}},"44":{"start":{"line":106,"column":18},"end":{"line":106,"column":29}},"45":{"start":{"line":107,"column":19},"end":{"line":107,"column":42}},"46":{"start":{"line":109,"column":2},"end":{"line":123,"column":7}},"47":{"start":{"line":114,"column":6},"end":{"line":118,"column":10}},"48":{"start":{"line":114,"column":20},"end":{"line":114,"column":78}},"49":{"start":{"line":116,"column":8},"end":{"line":118,"column":10}},"50":{"start":{"line":121,"column":6},"end":{"line":121,"column":23}},"51":{"start":{"line":122,"column":6},"end":{"line":122,"column":73}}},"fnMap":{"0":{"name":"(anonymous_0)","decl":{"start":{"line":7,"column":20},"end":{"line":7,"column":21}},"loc":{"start":{"line":7,"column":34},"end":{"line":39,"column":1}},"line":7},"1":{"name":"(anonymous_1)","decl":{"start":{"line":12,"column":46},"end":{"line":12,"column":47}},"loc":{"start":{"line":12,"column":59},"end":{"line":17,"column":3}},"line":12},"2":{"name":"(anonymous_2)","decl":{"start":{"line":31,"column":10},"end":{"line":31,"column":11}},"loc":{"start":{"line":31,"column":20},"end":{"line":33,"column":5}},"line":31},"3":{"name":"(anonymous_3)","decl":{"start":{"line":34,"column":11},"end":{"line":34,"column":12}},"loc":{"start":{"line":34,"column":20},"end":{"line":38,"column":5}},"line":34},"4":{"name":"(anonymous_4)","decl":{"start":{"line":41,"column":21},"end":{"line":41,"column":22}},"loc":{"start":{"line":41,"column":35},"end":{"line":53,"column":1}},"line":41},"5":{"name":"(anonymous_5)","decl":{"start":{"line":44,"column":10},"end":{"line":44,"column":11}},"loc":{"start":{"line":44,"column":20},"end":{"line":46,"column":5}},"line":44},"6":{"name":"(anonymous_6)","decl":{"start":{"line":47,"column":11},"end":{"line":47,"column":12}},"loc":{"start":{"line":47,"column":20},"end":{"line":52,"column":5}},"line":47},"7":{"name":"(anonymous_7)","decl":{"start":{"line":55,"column":21},"end":{"line":55,"column":22}},"loc":{"start":{"line":55,"column":35},"end":{"line":69,"column":1}},"line":55},"8":{"name":"(anonymous_8)","decl":{"start":{"line":60,"column":10},"end":{"line":60,"column":11}},"loc":{"start":{"line":60,"column":20},"end":{"line":62,"column":5}},"line":60},"9":{"name":"(anonymous_9)","decl":{"start":{"line":63,"column":11},"end":{"line":63,"column":12}},"loc":{"start":{"line":63,"column":20},"end":{"line":68,"column":5}},"line":63},"10":{"name":"(anonymous_10)","decl":{"start":{"line":71,"column":20},"end":{"line":71,"column":21}},"loc":{"start":{"line":71,"column":34},"end":{"line":102,"column":1}},"line":71},"11":{"name":"(anonymous_11)","decl":{"start":{"line":91,"column":10},"end":{"line":91,"column":11}},"loc":{"start":{"line":91,"column":19},"end":{"line":97,"column":5}},"line":91},"12":{"name":"(anonymous_12)","decl":{"start":{"line":98,"column":11},"end":{"line":98,"column":12}},"loc":{"start":{"line":98,"column":20},"end":{"line":101,"column":5}},"line":98},"13":{"name":"(anonymous_13)","decl":{"start":{"line":104,"column":20},"end":{"line":104,"column":21}},"loc":{"start":{"line":104,"column":34},"end":{"line":124,"column":1}},"line":104},"14":{"name":"(anonymous_14)","decl":{"start":{"line":113,"column":10},"end":{"line":113,"column":11}},"loc":{"start":{"line":113,"column":19},"end":{"line":119,"column":5}},"line":113},"15":{"name":"(anonymous_15)","decl":{"start":{"line":120,"column":11},"end":{"line":120,"column":12}},"loc":{"start":{"line":120,"column":20},"end":{"line":123,"column":5}},"line":120}},"branchMap":{"0":{"loc":{"start":{"line":13,"column":4},"end":{"line":16,"column":5}},"type":"if","locations":[{"start":{"line":13,"column":4},"end":{"line":16,"column":5}},{"start":{"line":13,"column":4},"end":{"line":16,"column":5}}],"line":13},"1":{"loc":{"start":{"line":18,"column":2},"end":{"line":18,"column":19}},"type":"if","locations":[{"start":{"line":18,"column":2},"end":{"line":18,"column":19}},{"start":{"line":18,"column":2},"end":{"line":18,"column":19}}],"line":18},"2":{"loc":{"start":{"line":36,"column":8},"end":{"line":36,"column":71}},"type":"binary-expr","locations":[{"start":{"line":36,"column":8},"end":{"line":36,"column":19}},{"start":{"line":36,"column":23},"end":{"line":36,"column":71}}],"line":36},"3":{"loc":{"start":{"line":77,"column":2},"end":{"line":80,"column":3}},"type":"if","locations":[{"start":{"line":77,"column":2},"end":{"line":80,"column":3}},{"start":{"line":77,"column":2},"end":{"line":80,"column":3}}],"line":77},"4":{"loc":{"start":{"line":77,"column":6},"end":{"line":77,"column":34}},"type":"binary-expr","locations":[{"start":{"line":77,"column":6},"end":{"line":77,"column":15}},{"start":{"line":77,"column":19},"end":{"line":77,"column":34}}],"line":77},"5":{"loc":{"start":{"line":82,"column":2},"end":{"line":85,"column":3}},"type":"if","locations":[{"start":{"line":82,"column":2},"end":{"line":85,"column":3}},{"start":{"line":82,"column":2},"end":{"line":85,"column":3}}],"line":82},"6":{"loc":{"start":{"line":92,"column":6},"end":{"line":96,"column":10}},"type":"if","locations":[{"start":{"line":92,"column":6},"end":{"line":96,"column":10}},{"start":{"line":92,"column":6},"end":{"line":96,"column":10}}],"line":92},"7":{"loc":{"start":{"line":114,"column":6},"end":{"line":118,"column":10}},"type":"if","locations":[{"start":{"line":114,"column":6},"end":{"line":118,"column":10}},{"start":{"line":114,"column":6},"end":{"line":118,"column":10}}],"line":114}},"s":{"0":3,"1":3,"2":3,"3":2,"4":2,"5":2,"6":6,"7":1,"8":1,"9":1,"10":0,"11":1,"12":1,"13":1,"14":0,"15":3,"16":1,"17":1,"18":0,"19":0,"20":3,"21":0,"22":0,"23":0,"24":0,"25":0,"26":3,"27":1,"28":1,"29":1,"30":1,"31":0,"32":0,"33":1,"34":0,"35":0,"36":1,"37":1,"38":1,"39":0,"40":0,"41":0,"42":3,"43":1,"44":1,"45":1,"46":1,"47":1,"48":1,"49":0,"50":0,"51":0},"f":{"0":2,"1":6,"2":1,"3":0,"4":1,"5":1,"6":0,"7":0,"8":0,"9":0,"10":1,"11":1,"12":0,"13":1,"14":1,"15":0},"b":{"0":[1,5],"1":[0,1],"2":[0,0],"3":[0,1],"4":[1,1],"5":[0,1],"6":[1,0],"7":[1,0]},"_coverageSchema":"1a1c01bbd47fc00a2c39e90264f33305004495a9","hash":"d903082297b4888f3ed8c952edf33dbb6c64e89c"}
,"D:\\Git repositories\\ticket-to-ride\\backend\\controllers\\userSession.controller.js": {"path":"D:\\Git repositories\\ticket-to-ride\\backend\\controllers\\userSession.controller.js","statementMap":{"0":{"start":{"line":5,"column":0},"end":{"line":5,"column":16}},"1":{"start":{"line":7,"column":19},"end":{"line":7,"column":21}},"2":{"start":{"line":9,"column":0},"end":{"line":27,"column":2}},"3":{"start":{"line":10,"column":2},"end":{"line":26,"column":3}},"4":{"start":{"line":11,"column":23},"end":{"line":11,"column":39}},"5":{"start":{"line":12,"column":19},"end":{"line":12,"column":74}},"6":{"start":{"line":13,"column":4},"end":{"line":20,"column":5}},"7":{"start":{"line":13,"column":31},"end":{"line":13,"column":53}},"8":{"start":{"line":15,"column":26},"end":{"line":18,"column":7}},"9":{"start":{"line":19,"column":6},"end":{"line":19,"column":30}},"10":{"start":{"line":22,"column":4},"end":{"line":22,"column":23}},"11":{"start":{"line":23,"column":4},"end":{"line":25,"column":6}}},"fnMap":{"0":{"name":"(anonymous_0)","decl":{"start":{"line":9,"column":20},"end":{"line":9,"column":21}},"loc":{"start":{"line":9,"column":40},"end":{"line":27,"column":1}},"line":9}},"branchMap":{"0":{"loc":{"start":{"line":13,"column":4},"end":{"line":20,"column":5}},"type":"if","locations":[{"start":{"line":13,"column":4},"end":{"line":20,"column":5}},{"start":{"line":13,"column":4},"end":{"line":20,"column":5}}],"line":13},"1":{"loc":{"start":{"line":13,"column":8},"end":{"line":13,"column":29}},"type":"binary-expr","locations":[{"start":{"line":13,"column":8},"end":{"line":13,"column":15}},{"start":{"line":13,"column":19},"end":{"line":13,"column":29}}],"line":13}},"s":{"0":3,"1":3,"2":3,"3":2,"4":2,"5":2,"6":2,"7":1,"8":1,"9":1,"10":1,"11":1},"f":{"0":2},"b":{"0":[1,1],"1":[2,1]},"_coverageSchema":"1a1c01bbd47fc00a2c39e90264f33305004495a9","hash":"0b84bd7c57840dc7a2dcf79c98b56958365f7679"}
,"D:\\Git repositories\\ticket-to-ride\\backend\\controllers\\users.controller.js": {"path":"D:\\Git repositories\\ticket-to-ride\\backend\\controllers\\users.controller.js","statementMap":{"0":{"start":{"line":4,"column":19},"end":{"line":4,"column":21}},"1":{"start":{"line":5,"column":14},"end":{"line":5,"column":21}},"2":{"start":{"line":8,"column":0},"end":{"line":20,"column":2}},"3":{"start":{"line":9,"column":2},"end":{"line":19,"column":7}},"4":{"start":{"line":12,"column":6},"end":{"line":12,"column":21}},"5":{"start":{"line":15,"column":6},"end":{"line":17,"column":8}},"6":{"start":{"line":18,"column":6},"end":{"line":18,"column":25}},"7":{"start":{"line":22,"column":0},"end":{"line":51,"column":2}},"8":{"start":{"line":23,"column":19},"end":{"line":23,"column":42}},"9":{"start":{"line":26,"column":2},"end":{"line":32,"column":3}},"10":{"start":{"line":27,"column":4},"end":{"line":27,"column":54}},"11":{"start":{"line":28,"column":4},"end":{"line":28,"column":11}},"12":{"start":{"line":29,"column":9},"end":{"line":32,"column":3}},"13":{"start":{"line":30,"column":4},"end":{"line":30,"column":51}},"14":{"start":{"line":31,"column":4},"end":{"line":31,"column":11}},"15":{"start":{"line":35,"column":15},"end":{"line":38,"column":3}},"16":{"start":{"line":41,"column":2},"end":{"line":50,"column":7}},"17":{"start":{"line":44,"column":6},"end":{"line":44,"column":21}},"18":{"start":{"line":47,"column":6},"end":{"line":49,"column":8}},"19":{"start":{"line":53,"column":0},"end":{"line":67,"column":2}},"20":{"start":{"line":54,"column":13},"end":{"line":54,"column":26}},"21":{"start":{"line":56,"column":2},"end":{"line":66,"column":7}},"22":{"start":{"line":59,"column":6},"end":{"line":59,"column":21}},"23":{"start":{"line":62,"column":6},"end":{"line":64,"column":9}},"24":{"start":{"line":65,"column":6},"end":{"line":65,"column":25}},"25":{"start":{"line":69,"column":0},"end":{"line":98,"column":2}},"26":{"start":{"line":70,"column":13},"end":{"line":70,"column":26}},"27":{"start":{"line":71,"column":19},"end":{"line":71,"column":42}},"28":{"start":{"line":74,"column":2},"end":{"line":77,"column":3}},"29":{"start":{"line":75,"column":4},"end":{"line":75,"column":63}},"30":{"start":{"line":76,"column":4},"end":{"line":76,"column":11}},"31":{"start":{"line":79,"column":2},"end":{"line":97,"column":7}},"32":{"start":{"line":84,"column":6},"end":{"line":92,"column":7}},"33":{"start":{"line":85,"column":8},"end":{"line":87,"column":11}},"34":{"start":{"line":89,"column":8},"end":{"line":91,"column":11}},"35":{"start":{"line":95,"column":6},"end":{"line":95,"column":66}},"36":{"start":{"line":96,"column":6},"end":{"line":96,"column":23}},"37":{"start":{"line":100,"column":0},"end":{"line":122,"column":2}},"38":{"start":{"line":101,"column":13},"end":{"line":101,"column":26}},"39":{"start":{"line":103,"column":2},"end":{"line":121,"column":7}},"40":{"start":{"line":108,"column":6},"end":{"line":116,"column":7}},"41":{"start":{"line":109,"column":8},"end":{"line":111,"column":11}},"42":{"start":{"line":113,"column":8},"end":{"line":115,"column":11}},"43":{"start":{"line":119,"column":6},"end":{"line":119,"column":66}},"44":{"start":{"line":120,"column":6},"end":{"line":120,"column":23}}},"fnMap":{"0":{"name":"(anonymous_0)","decl":{"start":{"line":8,"column":21},"end":{"line":8,"column":22}},"loc":{"start":{"line":8,"column":35},"end":{"line":20,"column":1}},"line":8},"1":{"name":"(anonymous_1)","decl":{"start":{"line":11,"column":10},"end":{"line":11,"column":11}},"loc":{"start":{"line":11,"column":20},"end":{"line":13,"column":5}},"line":11},"2":{"name":"(anonymous_2)","decl":{"start":{"line":14,"column":11},"end":{"line":14,"column":12}},"loc":{"start":{"line":14,"column":20},"end":{"line":19,"column":5}},"line":14},"3":{"name":"(anonymous_3)","decl":{"start":{"line":22,"column":20},"end":{"line":22,"column":21}},"loc":{"start":{"line":22,"column":34},"end":{"line":51,"column":1}},"line":22},"4":{"name":"(anonymous_4)","decl":{"start":{"line":43,"column":10},"end":{"line":43,"column":11}},"loc":{"start":{"line":43,"column":20},"end":{"line":45,"column":5}},"line":43},"5":{"name":"(anonymous_5)","decl":{"start":{"line":46,"column":11},"end":{"line":46,"column":12}},"loc":{"start":{"line":46,"column":20},"end":{"line":50,"column":5}},"line":46},"6":{"name":"(anonymous_6)","decl":{"start":{"line":53,"column":21},"end":{"line":53,"column":22}},"loc":{"start":{"line":53,"column":35},"end":{"line":67,"column":1}},"line":53},"7":{"name":"(anonymous_7)","decl":{"start":{"line":58,"column":10},"end":{"line":58,"column":11}},"loc":{"start":{"line":58,"column":20},"end":{"line":60,"column":5}},"line":58},"8":{"name":"(anonymous_8)","decl":{"start":{"line":61,"column":11},"end":{"line":61,"column":12}},"loc":{"start":{"line":61,"column":20},"end":{"line":66,"column":5}},"line":61},"9":{"name":"(anonymous_9)","decl":{"start":{"line":69,"column":20},"end":{"line":69,"column":21}},"loc":{"start":{"line":69,"column":34},"end":{"line":98,"column":1}},"line":69},"10":{"name":"(anonymous_10)","decl":{"start":{"line":83,"column":10},"end":{"line":83,"column":11}},"loc":{"start":{"line":83,"column":19},"end":{"line":93,"column":5}},"line":83},"11":{"name":"(anonymous_11)","decl":{"start":{"line":94,"column":11},"end":{"line":94,"column":12}},"loc":{"start":{"line":94,"column":20},"end":{"line":97,"column":5}},"line":94},"12":{"name":"(anonymous_12)","decl":{"start":{"line":100,"column":20},"end":{"line":100,"column":21}},"loc":{"start":{"line":100,"column":34},"end":{"line":122,"column":1}},"line":100},"13":{"name":"(anonymous_13)","decl":{"start":{"line":107,"column":10},"end":{"line":107,"column":11}},"loc":{"start":{"line":107,"column":19},"end":{"line":117,"column":5}},"line":107},"14":{"name":"(anonymous_14)","decl":{"start":{"line":118,"column":11},"end":{"line":118,"column":12}},"loc":{"start":{"line":118,"column":20},"end":{"line":121,"column":5}},"line":118}},"branchMap":{"0":{"loc":{"start":{"line":26,"column":2},"end":{"line":32,"column":3}},"type":"if","locations":[{"start":{"line":26,"column":2},"end":{"line":32,"column":3}},{"start":{"line":26,"column":2},"end":{"line":32,"column":3}}],"line":26},"1":{"loc":{"start":{"line":29,"column":9},"end":{"line":32,"column":3}},"type":"if","locations":[{"start":{"line":29,"column":9},"end":{"line":32,"column":3}},{"start":{"line":29,"column":9},"end":{"line":32,"column":3}}],"line":29},"2":{"loc":{"start":{"line":48,"column":8},"end":{"line":48,"column":69}},"type":"binary-expr","locations":[{"start":{"line":48,"column":8},"end":{"line":48,"column":19}},{"start":{"line":48,"column":23},"end":{"line":48,"column":69}}],"line":48},"3":{"loc":{"start":{"line":74,"column":2},"end":{"line":77,"column":3}},"type":"if","locations":[{"start":{"line":74,"column":2},"end":{"line":77,"column":3}},{"start":{"line":74,"column":2},"end":{"line":77,"column":3}}],"line":74},"4":{"loc":{"start":{"line":74,"column":6},"end":{"line":74,"column":34}},"type":"binary-expr","locations":[{"start":{"line":74,"column":6},"end":{"line":74,"column":15}},{"start":{"line":74,"column":19},"end":{"line":74,"column":34}}],"line":74},"5":{"loc":{"start":{"line":84,"column":6},"end":{"line":92,"column":7}},"type":"if","locations":[{"start":{"line":84,"column":6},"end":{"line":92,"column":7}},{"start":{"line":84,"column":6},"end":{"line":92,"column":7}}],"line":84},"6":{"loc":{"start":{"line":108,"column":6},"end":{"line":116,"column":7}},"type":"if","locations":[{"start":{"line":108,"column":6},"end":{"line":116,"column":7}},{"start":{"line":108,"column":6},"end":{"line":116,"column":7}}],"line":108}},"s":{"0":3,"1":3,"2":3,"3":0,"4":0,"5":0,"6":0,"7":3,"8":0,"9":0,"10":0,"11":0,"12":0,"13":0,"14":0,"15":0,"16":0,"17":0,"18":0,"19":3,"20":0,"21":0,"22":0,"23":0,"24":0,"25":3,"26":0,"27":0,"28":0,"29":0,"30":0,"31":0,"32":0,"33":0,"34":0,"35":0,"36":0,"37":3,"38":0,"39":0,"40":0,"41":0,"42":0,"43":0,"44":0},"f":{"0":0,"1":0,"2":0,"3":0,"4":0,"5":0,"6":0,"7":0,"8":0,"9":0,"10":0,"11":0,"12":0,"13":0,"14":0},"b":{"0":[0,0],"1":[0,0],"2":[0,0],"3":[0,0],"4":[0,0],"5":[0,0],"6":[0,0]},"_coverageSchema":"1a1c01bbd47fc00a2c39e90264f33305004495a9","hash":"c30f87a25249dcbf6b049fb485a1338418bc9c12"}
,"D:\\Git repositories\\ticket-to-ride\\backend\\models\\comment.js": {"path":"D:\\Git repositories\\ticket-to-ride\\backend\\models\\comment.js","statementMap":{"0":{"start":{"line":1,"column":23},"end":{"line":13,"column":3}},"1":{"start":{"line":2,"column":4},"end":{"line":12,"column":7}}},"fnMap":{"0":{"name":"(anonymous_0)","decl":{"start":{"line":1,"column":23},"end":{"line":1,"column":24}},"loc":{"start":{"line":1,"column":49},"end":{"line":13,"column":3}},"line":1}},"branchMap":{},"s":{"0":3,"1":3},"f":{"0":3},"b":{},"_coverageSchema":"1a1c01bbd47fc00a2c39e90264f33305004495a9","hash":"5a4cea2307d253e35895c207cc440d598053c45f"}
,"D:\\Git repositories\\ticket-to-ride\\backend\\models\\index.js": {"path":"D:\\Git repositories\\ticket-to-ride\\backend\\models\\index.js","statementMap":{"0":{"start":{"line":6,"column":18},"end":{"line":6,"column":42}},"1":{"start":{"line":8,"column":18},"end":{"line":14,"column":1}}},"fnMap":{},"branchMap":{},"s":{"0":3,"1":3},"f":{},"b":{},"_coverageSchema":"1a1c01bbd47fc00a2c39e90264f33305004495a9","hash":"0938fa5df779ee1ce504ede6879a414a7316d44b"}
,"D:\\Git repositories\\ticket-to-ride\\backend\\models\\ticket.js": {"path":"D:\\Git repositories\\ticket-to-ride\\backend\\models\\ticket.js","statementMap":{"0":{"start":{"line":1,"column":22},"end":{"line":16,"column":3}},"1":{"start":{"line":2,"column":4},"end":{"line":15,"column":7}}},"fnMap":{"0":{"name":"(anonymous_0)","decl":{"start":{"line":1,"column":22},"end":{"line":1,"column":23}},"loc":{"start":{"line":1,"column":48},"end":{"line":16,"column":3}},"line":1}},"branchMap":{},"s":{"0":3,"1":3},"f":{"0":3},"b":{},"_coverageSchema":"1a1c01bbd47fc00a2c39e90264f33305004495a9","hash":"355e4a6159f6543677d3a887f4d059376363671d"}
,"D:\\Git repositories\\ticket-to-ride\\backend\\models\\user.js": {"path":"D:\\Git repositories\\ticket-to-ride\\backend\\models\\user.js","statementMap":{"0":{"start":{"line":1,"column":20},"end":{"line":13,"column":3}},"1":{"start":{"line":2,"column":4},"end":{"line":12,"column":7}}},"fnMap":{"0":{"name":"(anonymous_0)","decl":{"start":{"line":1,"column":20},"end":{"line":1,"column":21}},"loc":{"start":{"line":1,"column":46},"end":{"line":13,"column":3}},"line":1}},"branchMap":{},"s":{"0":3,"1":3},"f":{"0":3},"b":{},"_coverageSchema":"1a1c01bbd47fc00a2c39e90264f33305004495a9","hash":"791213a4313a72a1bd516e81ec2928d813d3127f"}
,"D:\\Git repositories\\ticket-to-ride\\backend\\routes\\astronaut.routes.js": {"path":"D:\\Git repositories\\ticket-to-ride\\backend\\routes\\astronaut.routes.js","statementMap":{"0":{"start":{"line":5,"column":30},"end":{"line":121,"column":1}},"1":{"start":{"line":6,"column":17},"end":{"line":6,"column":25}},"2":{"start":{"line":8,"column":2},"end":{"line":8,"column":61}},"3":{"start":{"line":9,"column":2},"end":{"line":9,"column":50}},"4":{"start":{"line":10,"column":2},"end":{"line":10,"column":63}},"5":{"start":{"line":11,"column":2},"end":{"line":11,"column":66}},"6":{"start":{"line":120,"column":2},"end":{"line":120,"column":35}}},"fnMap":{"0":{"name":"(anonymous_0)","decl":{"start":{"line":5,"column":30},"end":{"line":5,"column":31}},"loc":{"start":{"line":5,"column":39},"end":{"line":121,"column":1}},"line":5}},"branchMap":{},"s":{"0":3,"1":3,"2":3,"3":3,"4":3,"5":3,"6":3},"f":{"0":3},"b":{},"_coverageSchema":"1a1c01bbd47fc00a2c39e90264f33305004495a9","hash":"b48475bc2a11a59651c360fcfc2a60a9c5bf7502"}
,"D:\\Git repositories\\ticket-to-ride\\backend\\routes\\session.routes.js": {"path":"D:\\Git repositories\\ticket-to-ride\\backend\\routes\\session.routes.js","statementMap":{"0":{"start":{"line":4,"column":29},"end":{"line":37,"column":1}},"1":{"start":{"line":5,"column":17},"end":{"line":5,"column":25}},"2":{"start":{"line":7,"column":2},"end":{"line":7,"column":48}},"3":{"start":{"line":36,"column":2},"end":{"line":36,"column":38}}},"fnMap":{"0":{"name":"(anonymous_0)","decl":{"start":{"line":4,"column":29},"end":{"line":4,"column":30}},"loc":{"start":{"line":4,"column":38},"end":{"line":37,"column":1}},"line":4}},"branchMap":{},"s":{"0":3,"1":3,"2":3,"3":3},"f":{"0":3},"b":{},"_coverageSchema":"1a1c01bbd47fc00a2c39e90264f33305004495a9","hash":"36458eeaf9318a09c9df72d6daf1e475e5dc3144"}
,"D:\\Git repositories\\ticket-to-ride\\backend\\routes\\tickets.routes.js": {"path":"D:\\Git repositories\\ticket-to-ride\\backend\\routes\\tickets.routes.js","statementMap":{"0":{"start":{"line":5,"column":29},"end":{"line":127,"column":1}},"1":{"start":{"line":6,"column":17},"end":{"line":6,"column":25}},"2":{"start":{"line":8,"column":2},"end":{"line":8,"column":60}},"3":{"start":{"line":9,"column":2},"end":{"line":9,"column":39}},"4":{"start":{"line":10,"column":2},"end":{"line":10,"column":42}},"5":{"start":{"line":11,"column":2},"end":{"line":11,"column":62}},"6":{"start":{"line":12,"column":2},"end":{"line":12,"column":65}},"7":{"start":{"line":126,"column":2},"end":{"line":126,"column":34}}},"fnMap":{"0":{"name":"(anonymous_0)","decl":{"start":{"line":5,"column":29},"end":{"line":5,"column":30}},"loc":{"start":{"line":5,"column":38},"end":{"line":127,"column":1}},"line":5}},"branchMap":{},"s":{"0":3,"1":3,"2":3,"3":3,"4":3,"5":3,"6":3,"7":3},"f":{"0":3},"b":{},"_coverageSchema":"1a1c01bbd47fc00a2c39e90264f33305004495a9","hash":"2a73edf09dd62c141407265ce1f75d3194f6fb32"}
,"D:\\Git repositories\\ticket-to-ride\\backend\\routes\\users.routes.js": {"path":"D:\\Git repositories\\ticket-to-ride\\backend\\routes\\users.routes.js","statementMap":{"0":{"start":{"line":4,"column":27},"end":{"line":28,"column":1}},"1":{"start":{"line":5,"column":17},"end":{"line":5,"column":25}},"2":{"start":{"line":21,"column":2},"end":{"line":21,"column":37}},"3":{"start":{"line":22,"column":2},"end":{"line":22,"column":37}},"4":{"start":{"line":23,"column":2},"end":{"line":23,"column":40}},"5":{"start":{"line":24,"column":2},"end":{"line":24,"column":39}},"6":{"start":{"line":25,"column":2},"end":{"line":25,"column":42}},"7":{"start":{"line":27,"column":2},"end":{"line":27,"column":32}}},"fnMap":{"0":{"name":"(anonymous_0)","decl":{"start":{"line":4,"column":27},"end":{"line":4,"column":28}},"loc":{"start":{"line":4,"column":36},"end":{"line":28,"column":1}},"line":4}},"branchMap":{},"s":{"0":3,"1":3,"2":3,"3":3,"4":3,"5":3,"6":3,"7":3},"f":{"0":3},"b":{},"_coverageSchema":"1a1c01bbd47fc00a2c39e90264f33305004495a9","hash":"5c5985378d36603851e416a8431deec505e25613"}
,"D:\\Git repositories\\ticket-to-ride\\backend\\utils\\authMiddleware.js": {"path":"D:\\Git repositories\\ticket-to-ride\\backend\\utils\\authMiddleware.js","statementMap":{"0":{"start":{"line":4,"column":35},"end":{"line":20,"column":1}},"1":{"start":{"line":5,"column":2},"end":{"line":19,"column":78}},"2":{"start":{"line":6,"column":4},"end":{"line":18,"column":5}},"3":{"start":{"line":7,"column":25},"end":{"line":7,"column":62}},"4":{"start":{"line":8,"column":21},"end":{"line":8,"column":76}},"5":{"start":{"line":9,"column":6},"end":{"line":13,"column":7}},"6":{"start":{"line":9,"column":33},"end":{"line":9,"column":55}},"7":{"start":{"line":11,"column":8},"end":{"line":11,"column":32}},"8":{"start":{"line":12,"column":8},"end":{"line":12,"column":22}},"9":{"start":{"line":15,"column":6},"end":{"line":17,"column":8}},"10":{"start":{"line":19,"column":9},"end":{"line":19,"column":78}},"11":{"start":{"line":22,"column":24},"end":{"line":37,"column":1}},"12":{"start":{"line":23,"column":2},"end":{"line":36,"column":3}},"13":{"start":{"line":25,"column":4},"end":{"line":28,"column":5}},"14":{"start":{"line":27,"column":6},"end":{"line":27,"column":44}},"15":{"start":{"line":31,"column":4},"end":{"line":31,"column":18}},"16":{"start":{"line":33,"column":4},"end":{"line":35,"column":6}}},"fnMap":{"0":{"name":"(anonymous_0)","decl":{"start":{"line":4,"column":35},"end":{"line":4,"column":36}},"loc":{"start":{"line":4,"column":61},"end":{"line":20,"column":1}},"line":4},"1":{"name":"(anonymous_1)","decl":{"start":{"line":22,"column":24},"end":{"line":22,"column":25}},"loc":{"start":{"line":22,"column":44},"end":{"line":37,"column":1}},"line":22}},"branchMap":{"0":{"loc":{"start":{"line":5,"column":2},"end":{"line":19,"column":78}},"type":"if","locations":[{"start":{"line":5,"column":2},"end":{"line":19,"column":78}},{"start":{"line":5,"column":2},"end":{"line":19,"column":78}}],"line":5},"1":{"loc":{"start":{"line":9,"column":6},"end":{"line":13,"column":7}},"type":"if","locations":[{"start":{"line":9,"column":6},"end":{"line":13,"column":7}},{"start":{"line":9,"column":6},"end":{"line":13,"column":7}}],"line":9},"2":{"loc":{"start":{"line":9,"column":10},"end":{"line":9,"column":31}},"type":"binary-expr","locations":[{"start":{"line":9,"column":10},"end":{"line":9,"column":17}},{"start":{"line":9,"column":21},"end":{"line":9,"column":31}}],"line":9},"3":{"loc":{"start":{"line":25,"column":4},"end":{"line":28,"column":5}},"type":"if","locations":[{"start":{"line":25,"column":4},"end":{"line":28,"column":5}},{"start":{"line":25,"column":4},"end":{"line":28,"column":5}}],"line":25}},"s":{"0":3,"1":16,"2":10,"3":10,"4":10,"5":10,"6":2,"7":8,"8":8,"9":2,"10":6,"11":3,"12":20,"13":20,"14":10,"15":20,"16":0},"f":{"0":16,"1":20},"b":{"0":[10,6],"1":[2,8],"2":[10,8],"3":[10,10]},"_coverageSchema":"1a1c01bbd47fc00a2c39e90264f33305004495a9","hash":"d97f02a54b4e6e41b661b6a91d2d76ac42b42275"}
,"D:\\Git repositories\\ticket-to-ride\\backend\\utils\\responseHelper.js": {"path":"D:\\Git repositories\\ticket-to-ride\\backend\\utils\\responseHelper.js","statementMap":{"0":{"start":{"line":3,"column":8},"end":{"line":3,"column":22}},"1":{"start":{"line":6,"column":8},"end":{"line":6,"column":56}},"2":{"start":{"line":9,"column":8},"end":{"line":9,"column":46}},"3":{"start":{"line":12,"column":8},"end":{"line":12,"column":46}},"4":{"start":{"line":15,"column":8},"end":{"line":15,"column":46}},"5":{"start":{"line":18,"column":8},"end":{"line":18,"column":46}},"6":{"start":{"line":21,"column":8},"end":{"line":21,"column":46}}},"fnMap":{"0":{"name":"(anonymous_0)","decl":{"start":{"line":2,"column":4},"end":{"line":2,"column":5}},"loc":{"start":{"line":2,"column":21},"end":{"line":4,"column":5}},"line":2},"1":{"name":"(anonymous_1)","decl":{"start":{"line":5,"column":4},"end":{"line":5,"column":5}},"loc":{"start":{"line":5,"column":26},"end":{"line":7,"column":5}},"line":5},"2":{"name":"(anonymous_2)","decl":{"start":{"line":8,"column":4},"end":{"line":8,"column":5}},"loc":{"start":{"line":8,"column":24},"end":{"line":10,"column":5}},"line":8},"3":{"name":"(anonymous_3)","decl":{"start":{"line":11,"column":4},"end":{"line":11,"column":5}},"loc":{"start":{"line":11,"column":30},"end":{"line":13,"column":5}},"line":11},"4":{"name":"(anonymous_4)","decl":{"start":{"line":14,"column":4},"end":{"line":14,"column":5}},"loc":{"start":{"line":14,"column":33},"end":{"line":16,"column":5}},"line":14},"5":{"name":"(anonymous_5)","decl":{"start":{"line":17,"column":4},"end":{"line":17,"column":5}},"loc":{"start":{"line":17,"column":27},"end":{"line":19,"column":5}},"line":17},"6":{"name":"(anonymous_6)","decl":{"start":{"line":20,"column":4},"end":{"line":20,"column":5}},"loc":{"start":{"line":20,"column":29},"end":{"line":22,"column":5}},"line":20}},"branchMap":{},"s":{"0":17,"1":11,"2":2,"3":0,"4":9,"5":0,"6":0},"f":{"0":17,"1":11,"2":2,"3":0,"4":9,"5":0,"6":0},"b":{},"_coverageSchema":"1a1c01bbd47fc00a2c39e90264f33305004495a9","hash":"d1887306b6f4aa6a00d5547564a1505254db5f3a"}
}
