TN:
SF:app.js
FN:10,(anonymous_0)
FNF:1
FNH:1
FNDA:3,(anonymous_0)
DA:10,3
DA:11,3
DA:16,3
DA:17,3
DA:18,3
DA:27,3
DA:31,3
DA:32,3
DA:33,3
DA:36,3
DA:47,3
DA:51,3
DA:59,3
DA:60,3
DA:61,3
DA:62,3
DA:65,3
LF:17
LH:17
BRF:0
BRH:0
end_of_record
TN:
SF:config\sequilize.js
FN:6,(anonymous_0)
FNF:1
FNH:1
FNDA:3,(anonymous_0)
DA:2,3
DA:6,3
DA:7,3
DA:9,3
DA:20,0
DA:32,3
LF:6
LH:5
BRDA:7,0,0,0
BRDA:7,0,1,3
BRDA:7,0,2,0
BRF:3
BRH:1
end_of_record
TN:
SF:controllers\astronaut.controller.js
FN:7,(anonymous_0)
FN:12,(anonymous_1)
FN:30,(anonymous_2)
FN:33,(anonymous_3)
FN:40,(anonymous_4)
FN:47,(anonymous_5)
FN:50,(anonymous_6)
FN:59,(anonymous_7)
FN:79,(anonymous_8)
FN:86,(anonymous_9)
FN:92,(anonymous_10)
FN:101,(anonymous_11)
FN:108,(anonymous_12)
FNF:13
FNH:9
FNDA:2,(anonymous_0)
FNDA:4,(anonymous_1)
FNDA:1,(anonymous_2)
FNDA:0,(anonymous_3)
FNDA:1,(anonymous_4)
FNDA:1,(anonymous_5)
FNDA:0,(anonymous_6)
FNDA:1,(anonymous_7)
FNDA:1,(anonymous_8)
FNDA:0,(anonymous_9)
FNDA:1,(anonymous_10)
FNDA:1,(anonymous_11)
FNDA:0,(anonymous_12)
DA:4,3
DA:5,3
DA:7,3
DA:8,2
DA:11,2
DA:12,2
DA:13,4
DA:14,1
DA:15,1
DA:18,1
DA:21,1
DA:28,1
DA:31,1
DA:34,0
DA:40,3
DA:41,1
DA:48,1
DA:51,0
DA:55,0
DA:59,3
DA:60,1
DA:61,1
DA:62,1
DA:65,1
DA:66,0
DA:67,0
DA:71,1
DA:72,0
DA:73,0
DA:75,1
DA:80,1
DA:82,0
DA:87,0
DA:88,0
DA:92,3
DA:93,1
DA:94,1
DA:95,1
DA:97,1
DA:102,1
DA:104,0
DA:109,0
DA:110,0
LF:43
LH:30
BRDA:13,0,0,1
BRDA:13,0,1,3
BRDA:18,1,0,0
BRDA:18,1,1,1
BRDA:35,2,0,0
BRDA:35,2,1,0
BRDA:65,3,0,0
BRDA:65,3,1,1
BRDA:65,4,0,1
BRDA:65,4,1,1
BRDA:71,5,0,0
BRDA:71,5,1,1
BRDA:80,6,0,1
BRDA:80,6,1,0
BRDA:102,7,0,1
BRDA:102,7,1,0
BRF:16
BRH:9
end_of_record
TN:
SF:controllers\tickets.controller.js
FN:7,(anonymous_0)
FN:12,(anonymous_1)
FN:31,(anonymous_2)
FN:34,(anonymous_3)
FN:41,(anonymous_4)
FN:44,(anonymous_5)
FN:47,(anonymous_6)
FN:55,(anonymous_7)
FN:60,(anonymous_8)
FN:63,(anonymous_9)
FN:71,(anonymous_10)
FN:91,(anonymous_11)
FN:98,(anonymous_12)
FN:104,(anonymous_13)
FN:113,(anonymous_14)
FN:120,(anonymous_15)
FNF:16
FNH:9
FNDA:2,(anonymous_0)
FNDA:6,(anonymous_1)
FNDA:1,(anonymous_2)
FNDA:0,(anonymous_3)
FNDA:1,(anonymous_4)
FNDA:1,(anonymous_5)
FNDA:0,(anonymous_6)
FNDA:0,(anonymous_7)
FNDA:0,(anonymous_8)
FNDA:0,(anonymous_9)
FNDA:1,(anonymous_10)
FNDA:1,(anonymous_11)
FNDA:0,(anonymous_12)
FNDA:1,(anonymous_13)
FNDA:1,(anonymous_14)
FNDA:0,(anonymous_15)
DA:4,3
DA:5,3
DA:7,3
DA:8,2
DA:11,2
DA:12,2
DA:13,6
DA:14,1
DA:15,1
DA:18,1
DA:21,1
DA:29,1
DA:32,1
DA:35,0
DA:41,3
DA:42,1
DA:45,1
DA:48,0
DA:51,0
DA:55,3
DA:56,0
DA:58,0
DA:61,0
DA:64,0
DA:67,0
DA:71,3
DA:72,1
DA:73,1
DA:74,1
DA:77,1
DA:78,0
DA:79,0
DA:82,1
DA:83,0
DA:84,0
DA:87,1
DA:92,1
DA:94,0
DA:99,0
DA:100,0
DA:104,3
DA:105,1
DA:106,1
DA:107,1
DA:109,1
DA:114,1
DA:116,0
DA:121,0
DA:122,0
LF:49
LH:31
BRDA:13,0,0,1
BRDA:13,0,1,5
BRDA:18,1,0,0
BRDA:18,1,1,1
BRDA:36,2,0,0
BRDA:36,2,1,0
BRDA:77,3,0,0
BRDA:77,3,1,1
BRDA:77,4,0,1
BRDA:77,4,1,1
BRDA:82,5,0,0
BRDA:82,5,1,1
BRDA:92,6,0,1
BRDA:92,6,1,0
BRDA:114,7,0,1
BRDA:114,7,1,0
BRF:16
BRH:9
end_of_record
TN:
SF:controllers\userSession.controller.js
FN:9,(anonymous_0)
FNF:1
FNH:1
FNDA:2,(anonymous_0)
DA:5,3
DA:7,3
DA:9,3
DA:10,2
DA:11,2
DA:12,2
DA:13,2
DA:15,1
DA:19,1
DA:22,1
DA:23,1
LF:11
LH:11
BRDA:13,0,0,1
BRDA:13,0,1,1
BRDA:13,1,0,2
BRDA:13,1,1,1
BRF:4
BRH:4
end_of_record
TN:
SF:controllers\users.controller.js
FN:8,(anonymous_0)
FN:11,(anonymous_1)
FN:14,(anonymous_2)
FN:22,(anonymous_3)
FN:43,(anonymous_4)
FN:46,(anonymous_5)
FN:53,(anonymous_6)
FN:58,(anonymous_7)
FN:61,(anonymous_8)
FN:69,(anonymous_9)
FN:83,(anonymous_10)
FN:94,(anonymous_11)
FN:100,(anonymous_12)
FN:107,(anonymous_13)
FN:118,(anonymous_14)
FNF:15
FNH:0
FNDA:0,(anonymous_0)
FNDA:0,(anonymous_1)
FNDA:0,(anonymous_2)
FNDA:0,(anonymous_3)
FNDA:0,(anonymous_4)
FNDA:0,(anonymous_5)
FNDA:0,(anonymous_6)
FNDA:0,(anonymous_7)
FNDA:0,(anonymous_8)
FNDA:0,(anonymous_9)
FNDA:0,(anonymous_10)
FNDA:0,(anonymous_11)
FNDA:0,(anonymous_12)
FNDA:0,(anonymous_13)
FNDA:0,(anonymous_14)
DA:4,3
DA:5,3
DA:8,3
DA:9,0
DA:12,0
DA:15,0
DA:18,0
DA:22,3
DA:23,0
DA:26,0
DA:27,0
DA:28,0
DA:29,0
DA:30,0
DA:31,0
DA:35,0
DA:41,0
DA:44,0
DA:47,0
DA:53,3
DA:54,0
DA:56,0
DA:59,0
DA:62,0
DA:65,0
DA:69,3
DA:70,0
DA:71,0
DA:74,0
DA:75,0
DA:76,0
DA:79,0
DA:84,0
DA:85,0
DA:89,0
DA:95,0
DA:96,0
DA:100,3
DA:101,0
DA:103,0
DA:108,0
DA:109,0
DA:113,0
DA:119,0
DA:120,0
LF:45
LH:7
BRDA:26,0,0,0
BRDA:26,0,1,0
BRDA:29,1,0,0
BRDA:29,1,1,0
BRDA:48,2,0,0
BRDA:48,2,1,0
BRDA:74,3,0,0
BRDA:74,3,1,0
BRDA:74,4,0,0
BRDA:74,4,1,0
BRDA:84,5,0,0
BRDA:84,5,1,0
BRDA:108,6,0,0
BRDA:108,6,1,0
BRF:14
BRH:0
end_of_record
TN:
SF:models\comment.js
FN:1,(anonymous_0)
FNF:1
FNH:1
FNDA:3,(anonymous_0)
DA:1,3
DA:2,3
LF:2
LH:2
BRF:0
BRH:0
end_of_record
TN:
SF:models\index.js
FNF:0
FNH:0
DA:6,3
DA:8,3
LF:2
LH:2
BRF:0
BRH:0
end_of_record
TN:
SF:models\ticket.js
FN:1,(anonymous_0)
FNF:1
FNH:1
FNDA:3,(anonymous_0)
DA:1,3
DA:2,3
LF:2
LH:2
BRF:0
BRH:0
end_of_record
TN:
SF:models\user.js
FN:1,(anonymous_0)
FNF:1
FNH:1
FNDA:3,(anonymous_0)
DA:1,3
DA:2,3
LF:2
LH:2
BRF:0
BRH:0
end_of_record
TN:
SF:routes\astronaut.routes.js
FN:5,(anonymous_0)
FNF:1
FNH:1
FNDA:3,(anonymous_0)
DA:5,3
DA:6,3
DA:8,3
DA:9,3
DA:10,3
DA:11,3
DA:120,3
LF:7
LH:7
BRF:0
BRH:0
end_of_record
TN:
SF:routes\session.routes.js
FN:4,(anonymous_0)
FNF:1
FNH:1
FNDA:3,(anonymous_0)
DA:4,3
DA:5,3
DA:7,3
DA:36,3
LF:4
LH:4
BRF:0
BRH:0
end_of_record
TN:
SF:routes\tickets.routes.js
FN:5,(anonymous_0)
FNF:1
FNH:1
FNDA:3,(anonymous_0)
DA:5,3
DA:6,3
DA:8,3
DA:9,3
DA:10,3
DA:11,3
DA:12,3
DA:126,3
LF:8
LH:8
BRF:0
BRH:0
end_of_record
TN:
SF:routes\users.routes.js
FN:4,(anonymous_0)
FNF:1
FNH:1
FNDA:3,(anonymous_0)
DA:4,3
DA:5,3
DA:21,3
DA:22,3
DA:23,3
DA:24,3
DA:25,3
DA:27,3
LF:8
LH:8
BRF:0
BRH:0
end_of_record
TN:
SF:utils\authMiddleware.js
FN:4,(anonymous_0)
FN:22,(anonymous_1)
FNF:2
FNH:2
FNDA:16,(anonymous_0)
FNDA:20,(anonymous_1)
DA:4,3
DA:5,16
DA:6,10
DA:7,10
DA:8,10
DA:9,10
DA:11,8
DA:12,8
DA:15,2
DA:19,6
DA:22,3
DA:23,20
DA:25,20
DA:27,10
DA:31,20
DA:33,0
LF:16
LH:15
BRDA:5,0,0,10
BRDA:5,0,1,6
BRDA:9,1,0,2
BRDA:9,1,1,8
BRDA:9,2,0,10
BRDA:9,2,1,8
BRDA:25,3,0,10
BRDA:25,3,1,10
BRF:8
BRH:8
end_of_record
TN:
SF:utils\responseHelper.js
FN:2,(anonymous_0)
FN:5,(anonymous_1)
FN:8,(anonymous_2)
FN:11,(anonymous_3)
FN:14,(anonymous_4)
FN:17,(anonymous_5)
FN:20,(anonymous_6)
FNF:7
FNH:4
FNDA:17,(anonymous_0)
FNDA:11,(anonymous_1)
FNDA:2,(anonymous_2)
FNDA:0,(anonymous_3)
FNDA:9,(anonymous_4)
FNDA:0,(anonymous_5)
FNDA:0,(anonymous_6)
DA:3,17
DA:6,11
DA:9,2
DA:12,0
DA:15,9
DA:18,0
DA:21,0
LF:7
LH:4
BRF:0
BRH:0
end_of_record
